<?xml version="1.0" encoding="UTF-8" ?>
<testsuite tests="2" failures="0" name="ISOJ12.Vacuna.persistencia.EntregaDAOTest" time="0.224" errors="0" skipped="0">
  <properties>
[...]
</properties>
  <testcase classname="ISOJ12.Vacuna.persistencia.EntregaDAOTest" name="ISOJ12.Vacuna.persistencia.EntregaDAOTest.testSeleccionarEntregas" time="0.073"/>
  <testcase classname="ISOJ12.Vacuna.persistencia.EntregaDAOTest" name="ISOJ12.Vacuna.persistencia.EntregaDAOTest.testEntregarVacunas" time="0.151"/>
</testsuite>